INFO:     Will watch for changes in these directories: ['/Users/julian/Desktop/Master UvA/Semester 2/Societal Complexity and Designing with Data/VibeMap Project/services/external-api-fetcher']
INFO:     Uvicorn running on http://127.0.0.1:8005 (Press CTRL+C to quit)
INFO:     Started reloader process [41906] using StatReload
Process SpawnProcess-1:
Traceback (most recent call last):
  File "/opt/anaconda3/lib/python3.12/multiprocessing/process.py", line 314, in _bootstrap
    self.run()
  File "/opt/anaconda3/lib/python3.12/multiprocessing/process.py", line 108, in run
    self._target(*self._args, **self._kwargs)
  File "/Users/julian/Desktop/Master UvA/Semester 2/Societal Complexity and Designing with Data/VibeMap Project/services/external-api-fetcher/venv/lib/python3.12/site-packages/uvicorn/_subprocess.py", line 80, in subprocess_started
    target(sockets=sockets)
  File "/Users/julian/Desktop/Master UvA/Semester 2/Societal Complexity and Designing with Data/VibeMap Project/services/external-api-fetcher/venv/lib/python3.12/site-packages/uvicorn/server.py", line 66, in run
    return asyncio.run(self.serve(sockets=sockets))
           ^^^^^^^^^^^^^^^^^^^^^^^^^^^^^^^^^^^^^^^^
  File "/opt/anaconda3/lib/python3.12/asyncio/runners.py", line 194, in run
    return runner.run(main)
           ^^^^^^^^^^^^^^^^
  File "/opt/anaconda3/lib/python3.12/asyncio/runners.py", line 118, in run
    return self._loop.run_until_complete(task)
           ^^^^^^^^^^^^^^^^^^^^^^^^^^^^^^^^^^^
  File "/opt/anaconda3/lib/python3.12/asyncio/base_events.py", line 685, in run_until_complete
    return future.result()
           ^^^^^^^^^^^^^^^
  File "/Users/julian/Desktop/Master UvA/Semester 2/Societal Complexity and Designing with Data/VibeMap Project/services/external-api-fetcher/venv/lib/python3.12/site-packages/uvicorn/server.py", line 70, in serve
    await self._serve(sockets)
  File "/Users/julian/Desktop/Master UvA/Semester 2/Societal Complexity and Designing with Data/VibeMap Project/services/external-api-fetcher/venv/lib/python3.12/site-packages/uvicorn/server.py", line 77, in _serve
    config.load()
  File "/Users/julian/Desktop/Master UvA/Semester 2/Societal Complexity and Designing with Data/VibeMap Project/services/external-api-fetcher/venv/lib/python3.12/site-packages/uvicorn/config.py", line 435, in load
    self.loaded_app = import_from_string(self.app)
                      ^^^^^^^^^^^^^^^^^^^^^^^^^^^^
  File "/Users/julian/Desktop/Master UvA/Semester 2/Societal Complexity and Designing with Data/VibeMap Project/services/external-api-fetcher/venv/lib/python3.12/site-packages/uvicorn/importer.py", line 22, in import_from_string
    raise exc from None
  File "/Users/julian/Desktop/Master UvA/Semester 2/Societal Complexity and Designing with Data/VibeMap Project/services/external-api-fetcher/venv/lib/python3.12/site-packages/uvicorn/importer.py", line 19, in import_from_string
    module = importlib.import_module(module_str)
             ^^^^^^^^^^^^^^^^^^^^^^^^^^^^^^^^^^^
  File "/opt/anaconda3/lib/python3.12/importlib/__init__.py", line 90, in import_module
    return _bootstrap._gcd_import(name[level:], package, level)
           ^^^^^^^^^^^^^^^^^^^^^^^^^^^^^^^^^^^^^^^^^^^^^^^^^^^^
  File "<frozen importlib._bootstrap>", line 1387, in _gcd_import
  File "<frozen importlib._bootstrap>", line 1360, in _find_and_load
  File "<frozen importlib._bootstrap>", line 1331, in _find_and_load_unlocked
  File "<frozen importlib._bootstrap>", line 935, in _load_unlocked
  File "<frozen importlib._bootstrap_external>", line 995, in exec_module
  File "<frozen importlib._bootstrap>", line 488, in _call_with_frames_removed
  File "/Users/julian/Desktop/Master UvA/Semester 2/Societal Complexity and Designing with Data/VibeMap Project/services/external-api-fetcher/main.py", line 2, in <module>
    from routes import router
  File "/Users/julian/Desktop/Master UvA/Semester 2/Societal Complexity and Designing with Data/VibeMap Project/services/external-api-fetcher/routes.py", line 2, in <module>
    from sqlalchemy.ext.asyncio import AsyncSession
ModuleNotFoundError: No module named 'sqlalchemy'
INFO:     Stopping reloader process [41906]
